<?xml version="1.0" encoding="UTF-8"?>
<!-- Generated by org.testng.reporters.JUnitReportReporter -->
<testsuite hostname="Mayanks-MacBook-Pro.local" failures="0" tests="4" name="com.SwagLabs.TestCases.InventoryPageTest" time="1.491" errors="0" timestamp="2024-09-14T19:01:16 IST" skipped="0">
  <testcase classname="com.SwagLabs.TestCases.InventoryPageTest" name="validateProductCount" time="0.163"/>
  <testcase classname="com.SwagLabs.TestCases.InventoryPageTest" name="validateProdutDetails" time="0.192"/>
  <testcase classname="com.SwagLabs.TestCases.InventoryPageTest" name="validateAddtoCart" time="0.938"/>
  <testcase classname="com.SwagLabs.TestCases.InventoryPageTest" name="gotoCartpage" time="0.198"/>
</testsuite> <!-- com.SwagLabs.TestCases.InventoryPageTest -->
