<?xml version="1.0" encoding="UTF-8"?>
<!-- Generated by org.testng.reporters.JUnitReportReporter -->
<testsuite hostname="Mayanks-MacBook-Pro.local" failures="0" tests="1" name="com.SwagLabs.TestCases.LoginPageTest" time="2.733" errors="0" timestamp="2024-09-14T19:01:16 IST" skipped="0">
  <testcase classname="com.SwagLabs.TestCases.LoginPageTest" name="validateLogin" time="2.733"/>
</testsuite> <!-- com.SwagLabs.TestCases.LoginPageTest -->
