<?xml version="1.0" encoding="UTF-8"?>
<!-- Generated by org.testng.reporters.JUnitReportReporter -->
<testsuite hostname="Mayanks-MacBook-Pro.local" failures="0" tests="1" name="com.SwagLabs.TestCases.OverviewPageTest" time="5.208" errors="0" timestamp="2024-09-14T19:01:16 IST" skipped="0">
  <testcase classname="com.SwagLabs.TestCases.OverviewPageTest" name="validateFinish" time="5.208"/>
</testsuite> <!-- com.SwagLabs.TestCases.OverviewPageTest -->
