<?xml version="1.0" encoding="UTF-8"?>
<!-- Generated by org.testng.reporters.JUnitReportReporter -->
<testsuite hostname="Mayanks-MacBook-Pro.local" failures="0" tests="3" name="com.SwagLabs.TestCases.CartPageTest" time="7.136" errors="0" timestamp="2024-09-14T19:01:16 IST" skipped="0">
  <testcase classname="com.SwagLabs.TestCases.CartPageTest" name="validateRemove" time="0.190"/>
  <testcase classname="com.SwagLabs.TestCases.CartPageTest" name="validateCntShopping" time="5.252"/>
  <testcase classname="com.SwagLabs.TestCases.CartPageTest" name="validateCheckout" time="1.694"/>
</testsuite> <!-- com.SwagLabs.TestCases.CartPageTest -->
